<?xml version="1.0" encoding="UTF-8"?>
<!-- Generated by org.testng.reporters.JUnitReportReporter -->
<testsuite skipped="0" hostname="LAPTOP-3PS7BJQ0" name="testArgentesting.SearchItemsTest" tests="1" failures="0" timestamp="2019-11-18T22:48:50 ART" time="19.120" errors="0">
  <testcase name="searchPagina" time="19.120" classname="testArgentesting.SearchItemsTest"/>
</testsuite> <!-- testArgentesting.SearchItemsTest -->
